TN:
SF:app.js
FN:54,userCheck
FNF:1
FNH:0
FNDA:0,userCheck
DA:4,1
DA:5,1
DA:6,1
DA:7,1
DA:8,1
DA:9,1
DA:10,1
DA:12,1
DA:13,1
DA:15,1
DA:18,1
DA:19,1
DA:22,1
DA:28,1
DA:40,1
DA:41,1
DA:43,1
DA:44,1
DA:45,1
DA:49,1
DA:50,1
DA:52,1
DA:55,0
DA:56,0
DA:57,0
DA:59,0
DA:62,1
DA:64,1
DA:66,1
DA:67,1
DA:69,1
DA:70,1
DA:71,1
LF:33
LH:29
BRDA:44,0,0,1
BRDA:44,0,1,0
BRDA:55,1,0,0
BRDA:55,1,1,0
BRF:4
BRH:1
end_of_record
TN:
SF:help_functions.js
FN:1,(anonymous_0)
FN:14,(anonymous_1)
FNF:2
FNH:1
FNDA:0,(anonymous_0)
FNDA:2,(anonymous_1)
DA:1,1
DA:3,0
DA:6,0
DA:7,0
DA:8,0
DA:11,0
DA:14,1
DA:15,2
DA:16,2
DA:17,2
DA:18,2
DA:19,2
DA:27,1
LF:13
LH:8
BRDA:1,0,0,0
BRF:1
BRH:0
end_of_record
TN:
SF:controllers\portfolio_management.js
FN:7,(anonymous_0)
FN:10,(anonymous_1)
FN:13,(anonymous_2)
FN:18,(anonymous_3)
FN:22,(anonymous_4)
FN:29,(anonymous_5)
FN:34,(anonymous_6)
FN:46,(anonymous_7)
FN:63,(anonymous_8)
FN:73,(anonymous_9)
FN:84,(anonymous_10)
FN:97,(anonymous_11)
FN:101,(anonymous_12)
FN:118,(anonymous_13)
FN:130,(anonymous_14)
FN:147,(anonymous_15)
FN:151,(anonymous_16)
FNF:17
FNH:4
FNDA:0,(anonymous_0)
FNDA:0,(anonymous_1)
FNDA:0,(anonymous_2)
FNDA:0,(anonymous_3)
FNDA:0,(anonymous_4)
FNDA:0,(anonymous_5)
FNDA:0,(anonymous_6)
FNDA:0,(anonymous_7)
FNDA:0,(anonymous_8)
FNDA:2,(anonymous_9)
FNDA:1,(anonymous_10)
FNDA:0,(anonymous_11)
FNDA:1,(anonymous_12)
FNDA:0,(anonymous_13)
FNDA:1,(anonymous_14)
FNDA:0,(anonymous_15)
FNDA:0,(anonymous_16)
DA:2,1
DA:3,1
DA:4,1
DA:7,1
DA:8,0
DA:10,1
DA:11,0
DA:13,1
DA:15,0
DA:18,1
DA:19,0
DA:22,1
DA:23,0
DA:24,0
DA:25,0
DA:27,0
DA:28,0
DA:29,0
DA:32,0
DA:33,0
DA:34,0
DA:38,0
DA:39,0
DA:40,0
DA:43,0
DA:46,1
DA:47,0
DA:48,0
DA:49,0
DA:50,0
DA:52,0
DA:53,0
DA:55,0
DA:56,0
DA:63,1
DA:64,0
DA:65,0
DA:66,0
DA:73,1
DA:74,2
DA:84,1
DA:85,1
DA:86,1
DA:87,0
DA:88,0
DA:89,0
DA:91,1
DA:92,1
DA:93,1
DA:94,1
DA:97,1
DA:99,0
DA:101,1
DA:102,1
DA:103,1
DA:104,1
DA:108,0
DA:110,1
DA:112,1
DA:113,1
DA:118,1
DA:119,0
DA:120,0
DA:130,1
DA:131,1
DA:132,1
DA:133,1
DA:134,1
DA:139,1
DA:140,1
DA:141,1
DA:142,1
DA:147,1
DA:148,0
DA:151,1
DA:152,0
DA:162,1
LF:77
LH:40
BRDA:32,0,0,0
BRDA:32,0,1,0
BRDA:39,1,0,0
BRDA:39,1,1,0
BRDA:49,2,0,0
BRDA:49,2,1,0
BRDA:52,3,0,0
BRDA:52,3,1,0
BRDA:52,4,0,0
BRDA:52,4,1,0
BRDA:86,5,0,0
BRDA:86,5,1,1
BRDA:104,6,0,0
BRDA:104,6,1,1
BRDA:134,7,0,1
BRDA:134,7,1,0
BRF:16
BRH:3
end_of_record
TN:
SF:db\index.js
FN:6,(anonymous_0)
FN:7,(anonymous_1)
FNF:2
FNH:2
FNDA:11,(anonymous_0)
FNDA:1,(anonymous_1)
DA:1,1
DA:3,1
DA:5,1
DA:6,11
DA:7,1
LF:5
LH:5
BRF:0
BRH:0
end_of_record
TN:
SF:middleware\errorHandler.js
FN:6,(anonymous_0)
FN:11,(anonymous_1)
FNF:2
FNH:0
FNDA:0,(anonymous_0)
FNDA:0,(anonymous_1)
DA:6,1
DA:7,0
DA:8,0
DA:11,1
DA:12,0
DA:15,0
DA:18,1
LF:7
LH:3
BRF:0
BRH:0
end_of_record
TN:
SF:model\portfolio_management.js
FN:5,(anonymous_0)
FN:6,(anonymous_1)
FN:8,(anonymous_2)
FN:11,(anonymous_3)
FN:19,(anonymous_4)
FN:33,(anonymous_5)
FN:41,(anonymous_6)
FN:54,(anonymous_7)
FN:69,(anonymous_8)
FN:84,(anonymous_9)
FN:92,(anonymous_10)
FN:106,(anonymous_11)
FN:121,(anonymous_12)
FN:130,(anonymous_13)
FN:146,(anonymous_14)
FN:158,(anonymous_15)
FN:176,(anonymous_16)
FN:184,(anonymous_17)
FN:192,(anonymous_18)
FN:209,(anonymous_19)
FN:216,(anonymous_20)
FN:223,(anonymous_21)
FNF:22
FNH:9
FNDA:0,(anonymous_0)
FNDA:0,(anonymous_1)
FNDA:0,(anonymous_2)
FNDA:0,(anonymous_3)
FNDA:0,(anonymous_4)
FNDA:0,(anonymous_5)
FNDA:0,(anonymous_6)
FNDA:0,(anonymous_7)
FNDA:0,(anonymous_8)
FNDA:2,(anonymous_9)
FNDA:1,(anonymous_10)
FNDA:0,(anonymous_11)
FNDA:1,(anonymous_12)
FNDA:2,(anonymous_13)
FNDA:1,(anonymous_14)
FNDA:1,(anonymous_15)
FNDA:0,(anonymous_16)
FNDA:1,(anonymous_17)
FNDA:1,(anonymous_18)
FNDA:1,(anonymous_19)
FNDA:0,(anonymous_20)
FNDA:0,(anonymous_21)
DA:2,1
DA:5,1
DA:6,1
DA:7,0
DA:8,1
DA:9,0
DA:11,1
DA:12,0
DA:19,1
DA:20,0
DA:33,1
DA:34,0
DA:41,1
DA:46,0
DA:54,1
DA:55,0
DA:69,1
DA:70,0
DA:76,0
DA:84,1
DA:85,2
DA:92,1
DA:94,1
DA:100,1
DA:101,0
DA:103,1
DA:106,1
DA:107,0
DA:121,1
DA:122,1
DA:130,1
DA:131,2
DA:146,1
DA:148,1
DA:158,1
DA:159,1
DA:176,1
DA:177,0
DA:184,1
DA:185,1
DA:192,1
DA:193,1
DA:209,1
DA:210,1
DA:216,1
DA:217,0
DA:223,1
DA:224,0
DA:231,1
LF:49
LH:35
BRDA:100,0,0,0
BRDA:100,0,1,1
BRF:2
BRH:1
end_of_record
TN:
SF:routes\portfolio_management.js
FNF:0
FNH:0
DA:1,1
DA:19,1
DA:21,1
DA:24,1
DA:26,1
DA:28,1
DA:32,1
DA:34,1
DA:36,1
DA:38,1
DA:40,1
DA:42,1
DA:44,1
DA:46,1
DA:48,1
DA:50,1
DA:52,1
DA:53,1
LF:18
LH:18
BRF:0
BRH:0
end_of_record
